{"/home/alaa/Desktop/my-node-project/app/form.js":{"path":"/home/alaa/Desktop/my-node-project/app/form.js","s":{"1":1,"2":1,"3":1,"4":1},"b":{},"f":{"1":1},"fnMap":{"1":{"name":"(anonymous_1)","line":3,"loc":{"start":{"line":3,"column":17},"end":{"line":3,"column":36}}}},"statementMap":{"1":{"start":{"line":1,"column":0},"end":{"line":1,"column":23}},"2":{"start":{"line":2,"column":0},"end":{"line":2,"column":74}},"3":{"start":{"line":3,"column":0},"end":{"line":5,"column":2}},"4":{"start":{"line":4,"column":4},"end":{"line":4,"column":18}}},"branchMap":{}},"/home/alaa/Desktop/my-node-project/app/style.js":{"path":"/home/alaa/Desktop/my-node-project/app/style.js","s":{"1":1,"2":1,"3":1,"4":1,"5":1,"6":1},"b":{},"f":{"1":1},"fnMap":{"1":{"name":"(anonymous_1)","line":3,"loc":{"start":{"line":3,"column":17},"end":{"line":3,"column":36}}}},"statementMap":{"1":{"start":{"line":1,"column":0},"end":{"line":1,"column":23}},"2":{"start":{"line":2,"column":2},"end":{"line":2,"column":98}},"3":{"start":{"line":3,"column":0},"end":{"line":9,"column":2}},"4":{"start":{"line":4,"column":4},"end":{"line":6,"column":7}},"5":{"start":{"line":7,"column":4},"end":{"line":7,"column":28}},"6":{"start":{"line":8,"column":4},"end":{"line":8,"column":14}}},"branchMap":{}},"/home/alaa/Desktop/my-node-project/app/requestjs.js":{"path":"/home/alaa/Desktop/my-node-project/app/requestjs.js","s":{"1":1,"2":1,"3":1,"4":1,"5":1,"6":1},"b":{},"f":{"1":1},"fnMap":{"1":{"name":"(anonymous_1)","line":3,"loc":{"start":{"line":3,"column":17},"end":{"line":3,"column":36}}}},"statementMap":{"1":{"start":{"line":1,"column":0},"end":{"line":1,"column":23}},"2":{"start":{"line":2,"column":2},"end":{"line":2,"column":99}},"3":{"start":{"line":3,"column":0},"end":{"line":9,"column":2}},"4":{"start":{"line":4,"column":4},"end":{"line":6,"column":7}},"5":{"start":{"line":7,"column":4},"end":{"line":7,"column":28}},"6":{"start":{"line":8,"column":4},"end":{"line":8,"column":14}}},"branchMap":{}},"/home/alaa/Desktop/my-node-project/app/response.js":{"path":"/home/alaa/Desktop/my-node-project/app/response.js","s":{"1":1,"2":1,"3":6,"4":6,"5":6},"b":{},"f":{"1":6,"2":6,"3":6},"fnMap":{"1":{"name":"(anonymous_1)","line":2,"loc":{"start":{"line":2,"column":17},"end":{"line":2,"column":36}}},"2":{"name":"(anonymous_2)","line":3,"loc":{"start":{"line":3,"column":25},"end":{"line":3,"column":47}}},"3":{"name":"(anonymous_3)","line":4,"loc":{"start":{"line":4,"column":31},"end":{"line":4,"column":53}}}},"statementMap":{"1":{"start":{"line":1,"column":0},"end":{"line":1,"column":39}},"2":{"start":{"line":2,"column":0},"end":{"line":10,"column":1}},"3":{"start":{"line":3,"column":4},"end":{"line":9,"column":7}},"4":{"start":{"line":4,"column":8},"end":{"line":6,"column":11}},"5":{"start":{"line":5,"column":12},"end":{"line":5,"column":28}}},"branchMap":{}},"/home/alaa/Desktop/my-node-project/app/utils.js":{"path":"/home/alaa/Desktop/my-node-project/app/utils.js","s":{"1":1,"2":1,"3":1,"4":1,"5":6,"6":6,"7":5,"8":6,"9":6,"10":1,"11":6,"12":6,"13":2,"14":471774,"15":235887,"16":471774,"17":471774,"18":2,"19":4,"20":6,"21":1},"b":{"1":[2,4],"2":[235887,235887]},"f":{"1":6,"2":5,"3":6,"4":6,"5":471774},"fnMap":{"1":{"name":"parseBody","line":5,"loc":{"start":{"line":5,"column":0},"end":{"line":5,"column":34}}},"2":{"name":"(anonymous_2)","line":7,"loc":{"start":{"line":7,"column":19},"end":{"line":7,"column":34}}},"3":{"name":"(anonymous_3)","line":10,"loc":{"start":{"line":10,"column":18},"end":{"line":10,"column":29}}},"4":{"name":"processing","line":15,"loc":{"start":{"line":15,"column":0},"end":{"line":15,"column":36}}},"5":{"name":"(anonymous_5)","line":18,"loc":{"start":{"line":18,"column":30},"end":{"line":18,"column":44}}}},"statementMap":{"1":{"start":{"line":1,"column":0},"end":{"line":1,"column":32}},"2":{"start":{"line":2,"column":0},"end":{"line":2,"column":36}},"3":{"start":{"line":3,"column":0},"end":{"line":3,"column":61}},"4":{"start":{"line":5,"column":0},"end":{"line":13,"column":1}},"5":{"start":{"line":6,"column":4},"end":{"line":6,"column":18}},"6":{"start":{"line":7,"column":4},"end":{"line":9,"column":7}},"7":{"start":{"line":8,"column":8},"end":{"line":8,"column":21}},"8":{"start":{"line":10,"column":4},"end":{"line":12,"column":7}},"9":{"start":{"line":11,"column":8},"end":{"line":11,"column":44}},"10":{"start":{"line":15,"column":0},"end":{"line":32,"column":1}},"11":{"start":{"line":16,"column":4},"end":{"line":16,"column":33}},"12":{"start":{"line":17,"column":4},"end":{"line":30,"column":5}},"13":{"start":{"line":18,"column":8},"end":{"line":24,"column":11}},"14":{"start":{"line":19,"column":12},"end":{"line":21,"column":13}},"15":{"start":{"line":20,"column":16},"end":{"line":20,"column":53}},"16":{"start":{"line":22,"column":12},"end":{"line":22,"column":45}},"17":{"start":{"line":23,"column":12},"end":{"line":23,"column":50}},"18":{"start":{"line":25,"column":8},"end":{"line":25,"column":41}},"19":{"start":{"line":28,"column":8},"end":{"line":28,"column":25}},"20":{"start":{"line":31,"column":4},"end":{"line":31,"column":53}},"21":{"start":{"line":34,"column":0},"end":{"line":38,"column":1}}},"branchMap":{"1":{"line":17,"type":"if","locations":[{"start":{"line":17,"column":4},"end":{"line":17,"column":4}},{"start":{"line":17,"column":4},"end":{"line":17,"column":4}}]},"2":{"line":19,"type":"if","locations":[{"start":{"line":19,"column":12},"end":{"line":19,"column":12}},{"start":{"line":19,"column":12},"end":{"line":19,"column":12}}]}}},"/home/alaa/Desktop/my-node-project/app/textfile.js":{"path":"/home/alaa/Desktop/my-node-project/app/textfile.js","s":{"1":1,"2":1,"3":1,"4":1},"b":{},"f":{},"fnMap":{},"statementMap":{"1":{"start":{"line":1,"column":0},"end":{"line":1,"column":23}},"2":{"start":{"line":2,"column":0},"end":{"line":2,"column":71}},"3":{"start":{"line":3,"column":0},"end":{"line":3,"column":29}},"4":{"start":{"line":4,"column":0},"end":{"line":4,"column":23}}},"branchMap":{}}}