TN:
SF:/home/alaa/Desktop/my-node-project/app/form.js
FN:3,(anonymous_1)
FNF:1
FNH:1
FNDA:1,(anonymous_1)
DA:1,1
DA:2,1
DA:3,1
DA:4,1
LF:4
LH:4
BRF:0
BRH:0
end_of_record
TN:
SF:/home/alaa/Desktop/my-node-project/app/style.js
FN:3,(anonymous_1)
FNF:1
FNH:1
FNDA:1,(anonymous_1)
DA:1,1
DA:2,1
DA:3,1
DA:4,1
DA:7,1
DA:8,1
LF:6
LH:6
BRF:0
BRH:0
end_of_record
TN:
SF:/home/alaa/Desktop/my-node-project/app/requestjs.js
FN:3,(anonymous_1)
FNF:1
FNH:1
FNDA:1,(anonymous_1)
DA:1,1
DA:2,1
DA:3,1
DA:4,1
DA:7,1
DA:8,1
LF:6
LH:6
BRF:0
BRH:0
end_of_record
TN:
SF:/home/alaa/Desktop/my-node-project/app/response.js
FN:2,(anonymous_1)
FN:3,(anonymous_2)
FN:4,(anonymous_3)
FNF:3
FNH:3
FNDA:6,(anonymous_1)
FNDA:6,(anonymous_2)
FNDA:6,(anonymous_3)
DA:1,1
DA:2,1
DA:3,6
DA:4,6
DA:5,6
LF:5
LH:5
BRF:0
BRH:0
end_of_record
TN:
SF:/home/alaa/Desktop/my-node-project/app/utils.js
FN:5,parseBody
FN:7,(anonymous_2)
FN:10,(anonymous_3)
FN:15,processing
FN:18,(anonymous_5)
FNF:5
FNH:5
FNDA:6,parseBody
FNDA:5,(anonymous_2)
FNDA:6,(anonymous_3)
FNDA:6,processing
FNDA:471774,(anonymous_5)
DA:1,1
DA:2,1
DA:3,1
DA:5,1
DA:6,6
DA:7,6
DA:8,5
DA:10,6
DA:11,6
DA:15,1
DA:16,6
DA:17,6
DA:18,2
DA:19,471774
DA:20,235887
DA:22,471774
DA:23,471774
DA:25,2
DA:28,4
DA:31,6
DA:34,1
LF:21
LH:21
BRDA:17,1,0,2
BRDA:17,1,1,4
BRDA:19,2,0,235887
BRDA:19,2,1,235887
BRF:4
BRH:4
end_of_record
TN:
SF:/home/alaa/Desktop/my-node-project/app/textfile.js
FNF:0
FNH:0
DA:1,1
DA:2,1
DA:3,1
DA:4,1
LF:4
LH:4
BRF:0
BRH:0
end_of_record
